{"/Users/lc/Documents/projects/GeekScore-2/client/src/components/TheFooter.vue": {"path":"/Users/lc/Documents/projects/GeekScore-2/client/src/components/TheFooter.vue","statementMap":{"0":{"start":{"line":33,"column":0},"end":{"line":33,"column":null}},"1":{"start":{"line":38,"column":0},"end":{"line":38,"column":null}},"2":{"start":{"line":39,"column":0},"end":{"line":39,"column":null}},"3":{"start":{"line":41,"column":0},"end":{"line":41,"column":null}}},"fnMap":{"0":{"name":"(anonymous_1)","decl":{"start":{"line":37,"column":0},"end":{"line":37,"column":null}},"loc":{"start":{"line":37,"column":0},"end":{"line":44,"column":null}}}},"branchMap":{},"s":{"0":1,"1":0,"2":0,"3":0},"f":{"0":0},"b":{}}
,"/Users/lc/Documents/projects/GeekScore-2/client/src/use/common.ts": {"path":"/Users/lc/Documents/projects/GeekScore-2/client/src/use/common.ts","statementMap":{"0":{"start":{"line":3,"column":23},"end":{"line":8,"column":null}},"1":{"start":{"line":5,"column":2},"end":{"line":7,"column":null}},"2":{"start":{"line":6,"column":4},"end":{"line":6,"column":10}},"3":{"start":{"line":10,"column":40},"end":{"line":16,"column":null}},"4":{"start":{"line":11,"column":18},"end":{"line":11,"column":23}},"5":{"start":{"line":14,"column":2},"end":{"line":14,"column":9}},"6":{"start":{"line":14,"column":36},"end":{"line":14,"column":null}},"7":{"start":{"line":15,"column":2},"end":{"line":15,"column":9}},"8":{"start":{"line":15,"column":31},"end":{"line":15,"column":null}},"9":{"start":{"line":18,"column":25},"end":{"line":22,"column":null}},"10":{"start":{"line":19,"column":2},"end":{"line":19,"column":9}},"11":{"start":{"line":20,"column":4},"end":{"line":20,"column":11}}},"fnMap":{"0":{"name":"(anonymous_0)","decl":{"start":{"line":3,"column":23},"end":{"line":3,"column":24}},"loc":{"start":{"line":3,"column":38},"end":{"line":8,"column":null}}},"1":{"name":"(anonymous_1)","decl":{"start":{"line":10,"column":40},"end":{"line":10,"column":67}},"loc":{"start":{"line":10,"column":67},"end":{"line":16,"column":null}}},"2":{"name":"(anonymous_2)","decl":{"start":{"line":14,"column":26},"end":{"line":14,"column":27}},"loc":{"start":{"line":14,"column":36},"end":{"line":14,"column":null}}},"3":{"name":"(anonymous_3)","decl":{"start":{"line":15,"column":21},"end":{"line":15,"column":22}},"loc":{"start":{"line":15,"column":31},"end":{"line":15,"column":null}}},"4":{"name":"(anonymous_4)","decl":{"start":{"line":18,"column":25},"end":{"line":18,"column":37}},"loc":{"start":{"line":18,"column":37},"end":{"line":22,"column":null}}},"5":{"name":"(anonymous_5)","decl":{"start":{"line":19,"column":20},"end":{"line":19,"column":49}},"loc":{"start":{"line":19,"column":49},"end":{"line":21,"column":null}}}},"branchMap":{"0":{"loc":{"start":{"line":3,"column":31},"end":{"line":3,"column":38}},"type":"default-arg","locations":[{"start":{"line":3,"column":31},"end":{"line":3,"column":38}}]},"1":{"loc":{"start":{"line":5,"column":2},"end":{"line":7,"column":null}},"type":"if","locations":[{"start":{"line":5,"column":2},"end":{"line":7,"column":null}},{"start":{"line":5,"column":2},"end":{"line":7,"column":null}}]}},"s":{"0":1,"1":0,"2":0,"3":1,"4":1,"5":1,"6":2,"7":1,"8":2,"9":1,"10":0,"11":0},"f":{"0":0,"1":1,"2":2,"3":2,"4":0,"5":0},"b":{"0":[0],"1":[0,0]}}
}
