TN:
SF:/Users/lc/Documents/projects/GeekScore-2/client/src/components/TheFooter.vue
FN:37,(anonymous_1)
FNF:1
FNH:0
FNDA:0,(anonymous_1)
DA:33,1
DA:38,0
DA:39,0
DA:41,0
LF:4
LH:1
BRF:0
BRH:0
end_of_record
TN:
SF:/Users/lc/Documents/projects/GeekScore-2/client/src/use/common.ts
FN:3,(anonymous_0)
FN:10,(anonymous_1)
FN:14,(anonymous_2)
FN:15,(anonymous_3)
FN:18,(anonymous_4)
FN:19,(anonymous_5)
FNF:6
FNH:3
FNDA:0,(anonymous_0)
FNDA:1,(anonymous_1)
FNDA:2,(anonymous_2)
FNDA:2,(anonymous_3)
FNDA:0,(anonymous_4)
FNDA:0,(anonymous_5)
DA:3,1
DA:5,0
DA:6,0
DA:10,1
DA:11,1
DA:14,2
DA:15,2
DA:18,1
DA:19,0
DA:20,0
LF:10
LH:6
BRDA:3,0,0,0
BRDA:5,1,0,0
BRDA:5,1,1,0
BRF:3
BRH:0
end_of_record
